[debug] [2017-11-06T23:52:55.842Z] ----------------------------------------------------------------------
[debug] [2017-11-06T23:52:55.846Z] Command:       C:\Program Files\nodejs\node.exe C:\Users\Casey\AppData\Roaming\npm\node_modules\firebase-tools\bin\firebase serve
[debug] [2017-11-06T23:52:55.846Z] CLI Version:   3.14.0
[debug] [2017-11-06T23:52:55.847Z] Platform:      win32
[debug] [2017-11-06T23:52:55.847Z] Node Version:  v8.9.0
[debug] [2017-11-06T23:52:55.848Z] Time:          Mon Nov 06 2017 17:52:55 GMT-0600 (Central Standard Time)
[debug] [2017-11-06T23:52:55.848Z] ----------------------------------------------------------------------
[debug] 
[debug] [2017-11-06T23:52:55.862Z] > command requires scopes: ["email","openid","https://www.googleapis.com/auth/cloudplatformprojects.readonly","https://www.googleapis.com/auth/firebase","https://www.googleapis.com/auth/cloud-platform"]
[debug] [2017-11-06T23:52:55.863Z] > authorizing via signed-in user
[debug] [2017-11-06T23:52:55.866Z] >>> HTTP REQUEST GET https://admin.firebase.com/v1/projects/savvy-student-showcase-d596a  
 Mon Nov 06 2017 17:52:55 GMT-0600 (Central Standard Time)
[debug] [2017-11-06T23:52:56.246Z] <<< HTTP RESPONSE 200
[debug] [2017-11-06T23:52:56.246Z] >>> HTTP REQUEST GET https://admin.firebase.com/v1/database/savvy-student-showcase-d596a/tokens  
 Mon Nov 06 2017 17:52:56 GMT-0600 (Central Standard Time)
[debug] [2017-11-06T23:52:56.692Z] <<< HTTP RESPONSE 200
[info] 
[info] === Serving from 'C:\Users\Casey\Desktop\SavvyCoders\student-showcase'...
[info] 
[debug] [2017-11-06T23:52:56.692Z] >>> HTTP REQUEST GET https://cloudresourcemanager.googleapis.com/v1/projects/savvy-student-showcase-d596a  
 Mon Nov 06 2017 17:52:56 GMT-0600 (Central Standard Time)
[debug] [2017-11-06T23:52:57.061Z] <<< HTTP RESPONSE 200
[debug] [2017-11-06T23:52:57.061Z] >>> HTTP REQUEST GET https://mobilesdk-pa.googleapis.com/v1/projects/605818238478/clients/_:getWebAppConfig  
 Mon Nov 06 2017 17:52:57 GMT-0600 (Central Standard Time)
[debug] [2017-11-06T23:52:57.377Z] <<< HTTP RESPONSE 200
[info] i  hosting: Serving hosting files from: public
[info] +  hosting: Local server: http://localhost:5000

